[debug] [2019-10-19T21:05:50.608Z] ----------------------------------------------------------------------
[debug] [2019-10-19T21:05:50.609Z] Command:       /usr/local/Cellar/node/11.10.1/bin/node /usr/local/bin/firebase serve
[debug] [2019-10-19T21:05:50.609Z] CLI Version:   7.6.1
[debug] [2019-10-19T21:05:50.610Z] Platform:      darwin
[debug] [2019-10-19T21:05:50.610Z] Node Version:  v11.10.1
[debug] [2019-10-19T21:05:50.615Z] Time:          Sat Oct 19 2019 17:05:50 GMT-0400 (Eastern Daylight Time)
[debug] [2019-10-19T21:05:50.616Z] ----------------------------------------------------------------------
[debug] [2019-10-19T21:05:50.616Z] 
[debug] [2019-10-19T21:05:50.623Z] > command requires scopes: ["email","openid","https://www.googleapis.com/auth/cloudplatformprojects.readonly","https://www.googleapis.com/auth/firebase","https://www.googleapis.com/auth/cloud-platform"]
[debug] [2019-10-19T21:05:50.623Z] > authorizing via signed-in user
[debug] [2019-10-19T21:05:50.623Z] [iam] checking project the-great-gazoo-shop for permissions ["firebase.projects.get"]
[debug] [2019-10-19T21:05:50.624Z] > refreshing access token with scopes: ["email","https://www.googleapis.com/auth/cloud-platform","https://www.googleapis.com/auth/cloudplatformprojects.readonly","https://www.googleapis.com/auth/firebase","openid"]
[debug] [2019-10-19T21:05:50.625Z] >>> HTTP REQUEST POST https://www.googleapis.com/oauth2/v3/token  
 <request body omitted>
[debug] [2019-10-19T21:05:50.774Z] <<< HTTP RESPONSE 200
[debug] [2019-10-19T21:05:50.783Z] >>> HTTP REQUEST POST https://cloudresourcemanager.googleapis.com/v1/projects/the-great-gazoo-shop:testIamPermissions  

[debug] [2019-10-19T21:05:51.082Z] <<< HTTP RESPONSE 200
[debug] [2019-10-19T21:05:51.084Z] >>> HTTP REQUEST GET https://firebase.googleapis.com/v1beta1/projects/the-great-gazoo-shop  
 
[debug] [2019-10-19T21:05:51.253Z] <<< HTTP RESPONSE 200
[info] 
[info] === Serving from '/Users/kt/envs/pulumi_gcp/src/faq-bot/firebase'...
[info] 
[debug] [2019-10-19T21:05:51.260Z] >>> HTTP REQUEST GET https://firebase.googleapis.com/v1beta1/projects/the-great-gazoo-shop/webApps/-/config  
 
[warn] ⚠  Your requested "node" version "8" doesn't match your global version "11"
[info] ✔  functions: Emulator started at http://localhost:5001
[debug] [2019-10-19T21:05:51.773Z] <<< HTTP RESPONSE 200
[info] i  functions: Watching "/Users/kt/envs/pulumi_gcp/src/faq-bot/firebase/functions" for Cloud Functions...
[info] i  hosting: Serving hosting files from: public
[info] ✔  hosting: Local server: http://localhost:5000
[debug] [2019-10-19T21:05:52.006Z] [runtime-status] Functions runtime initialized. {"cwd":"/Users/kt/envs/pulumi_gcp/src/faq-bot/firebase/functions","node_version":"11.10.1"}
[debug] [2019-10-19T21:05:52.006Z] [runtime-status] Disabled runtime features: {"functions_config_helper":true,"network_filtering":true,"timeout":true,"memory_limiting":true,"admin_stubs":true} {}
[debug] [2019-10-19T21:05:52.010Z] [runtime-status] Resolved module firebase-admin {"declared":true,"installed":true,"version":"8.6.1","resolution":"/Users/kt/envs/pulumi_gcp/src/faq-bot/firebase/functions/node_modules/firebase-admin/lib/index.js"}
[debug] [2019-10-19T21:05:52.011Z] [runtime-status] Resolved module firebase-functions {"declared":true,"installed":true,"version":"3.3.0","resolution":"/Users/kt/envs/pulumi_gcp/src/faq-bot/firebase/functions/node_modules/firebase-functions/lib/index.js"}
[debug] [2019-10-19T21:05:52.012Z] [runtime-status] Resolved module firebase-functions {"declared":true,"installed":true,"version":"3.3.0","resolution":"/Users/kt/envs/pulumi_gcp/src/faq-bot/firebase/functions/node_modules/firebase-functions/lib/index.js"}
